<?xml version="1.0" encoding="UTF-8"?>
<testng-results ignored="0" total="1" passed="1" failed="0" skipped="0">
  <reporter-output>
  </reporter-output>
  <suite started-at="2019-10-19T18:24:26Z" name="AllTests" finished-at="2019-10-19T18:24:27Z" duration-ms="265">
    <groups>
    </groups>
    <test started-at="2019-10-19T18:24:26Z" name="All" finished-at="2019-10-19T18:24:27Z" duration-ms="265">
      <class name="com.yevheniikukhol.Logger.testing.AppTest">
        <test-method signature="test()[pri:0, instance:com.yevheniikukhol.Logger.testing.AppTest@14982a82]" started-at="2019-10-19T18:24:26Z" name="test" finished-at="2019-10-19T18:24:26Z" duration-ms="32" status="PASS">
          <reporter-output>
          </reporter-output>
        </test-method> <!-- test -->
      </class> <!-- com.yevheniikukhol.Logger.testing.AppTest -->
    </test> <!-- All -->
  </suite> <!-- AllTests -->
</testng-results>
